[32minfo[39m: [32mdasdas[39m {"metadata":{"timestamp":"2022-11-14T08:10:56.345Z"}}
[32minfo[39m: [32mdasdas[39m {"metadata":{"timestamp":"2022-11-14T08:11:32.181Z"}}
[32minfo[39m: [32mdasdas[39m {"metadata":{"timestamp":"2022-11-14T08:13:37.413Z"}}
[32minfo[39m: [32mdasdas[39m {"metadata":{"timestamp":"2022-11-14T08:15:51.560Z"}}
[31merror[39m: [31madsad is not defined[39m {"metadata":{"timestamp":"2022-11-14T08:15:54.254Z"}}
[32minfo[39m: [32mdasdas[39m {"metadata":{"timestamp":"2022-11-14T08:16:39.359Z"}}
[31merror[39m: [31madsad is not defined[39m {"metadata":{"timestamp":"2022-11-14T08:16:41.550Z"}}
[32minfo[39m: [32mdasdas[39m {"metadata":{"timestamp":"2022-11-14T08:18:04.301Z"}}
[32minfo[39m: [32mdasdas[39m {"metadata":{"timestamp":"2022-11-14T08:19:02.222Z"}}
[31merror[39m: [31madsad is not defined[39m {"metadata":{"timestamp":"2022-11-14T08:19:03.949Z"}}
[32minfo[39m: [32mdasdas[39m {"metadata":{"timestamp":"2022-11-14T08:19:28.813Z"}}
[32minfo[39m: [32mdasdas[39m {"metadata":{"timestamp":"2022-11-14T08:19:35.423Z"}}
[31merror[39m: [31madsad is not defined[39m {"metadata":{"timestamp":"2022-11-14T08:19:37.301Z"}}
[32minfo[39m: [32mdasdas[39m {"metadata":{"timestamp":"2022-11-14T08:19:40.444Z"}}
[32minfo[39m: [32mdasdas[39m {"metadata":{"timestamp":"2022-11-14T08:19:50.865Z"}}
[31merror[39m: [31mdsadsa[39m {"metadata":{"timestamp":"2022-11-14T08:19:52.651Z"}}
[32minfo[39m: [32mdasdas[39m {"metadata":{"timestamp":"2022-11-14T08:20:19.314Z"}}
[31merror[39m: [31mdsadsa[39m {"metadata":{"timestamp":"2022-11-14T08:20:21.230Z"}}
[32minfo[39m: [32mdasdas[39m {"metadata":{"timestamp":"2022-11-14T08:20:37.614Z"}}
[31merror[39m: [31mtdadas is not defined[39m {"metadata":{"timestamp":"2022-11-14T08:20:39.276Z"}}
[32minfo[39m: [32mdasdas[39m {"metadata":{"timestamp":"2022-11-14T08:20:56.386Z"}}
[31merror[39m: [31mtdadas is not defined[39m {"metadata":{"timestamp":"2022-11-14T08:20:58.233Z"}}
[32minfo[39m: [32mgrpc server start[39m {"metadata":{"timestamp":"2022-11-14T08:21:58.870Z"}}
[31merror[39m: [31mtdadas is not defined[39m {"metadata":{"timestamp":"2022-11-14T08:22:16.549Z"}}
[32minfo[39m: [32mgrpc server start[39m {"metadata":{"timestamp":"2022-11-14T08:22:49.103Z"}}
[31merror[39m: [31mtdadas is not defined[39m {"metadata":{"timestamp":"2022-11-14T08:22:50.650Z"}}
[32minfo[39m: [32mgrpc server start[39m {"metadata":{"timestamp":"2022-11-14T08:23:30.979Z"}}
[31merror[39m: [31mtdadas is not defined[39m {"metadata":{"timestamp":"2022-11-14T08:23:32.537Z"}}
[32minfo[39m: [32mgrpc server start[39m {"metadata":{"timestamp":"2022-11-14T08:24:56.917Z"}}
[31merror[39m: [31mtdadas is not defined[39m {"metadata":{"timestamp":"2022-11-14T08:24:58.609Z"}}
[32minfo[39m: [32mgrpc server start[39m {"metadata":{"timestamp":"2022-11-14T08:25:34.162Z"}}
[31merror[39m: [31mtdadas is not defined[39m {"metadata":{"timestamp":"2022-11-14T08:25:35.641Z"}}
[32minfo[39m: [32mgrpc server start[39m {"metadata":{"timestamp":"2022-11-14T08:26:13.729Z"}}
[31merror[39m: [31mtdadas is not defined[39m {"metadata":{"timestamp":"2022-11-14T08:26:16.483Z"}}
[32minfo[39m: [32mgrpc server start[39m {"metadata":{"timestamp":"2022-11-14T08:26:37.382Z"}}
[31merror[39m: [31mtdadas is not defined[39m {"metadata":{"timestamp":"2022-11-14T08:26:39.115Z"}}
[32minfo[39m: [32mgrpc server start[39m {"metadata":{"timestamp":"2022-11-14T08:26:52.432Z"}}
[31merror[39m: [31mtdadas is not defined[39m {"metadata":{"timestamp":"2022-11-14T08:26:54.068Z"}}
[32minfo[39m: [32mgrpc server start[39m {"metadata":{"timestamp":"2022-11-14T08:27:32.436Z"}}
[31merror[39m: [31mtdadas is not defined[39m {"metadata":{"timestamp":"2022-11-14T08:27:34.034Z"}}
[32minfo[39m: [32mgrpc server start[39m {"metadata":{"timestamp":"2022-11-14T08:27:44.863Z"}}
[31merror[39m: [31mtdadas is not defined[39m {"metadata":{"timestamp":"2022-11-14T08:27:46.759Z"}}
[32minfo[39m: [32mgrpc server start[39m {"metadata":{"timestamp":"2022-11-14T08:28:37.955Z"}}
[32minfo[39m: [32mgrpc server start[39m {"metadata":{"timestamp":"2022-11-14T08:28:44.484Z"}}
[31merror[39m: [31mdsadas is not defined[39m {"metadata":{"timestamp":"2022-11-14T08:28:45.976Z"}}
[32minfo[39m: [32mgrpc server start[39m {"metadata":{"timestamp":"2022-11-14T08:29:07.728Z"}}
[32minfo[39m: [32mrun start[39m {"metadata":{"timestamp":"2022-11-14T08:29:10.062Z"}}
[31merror[39m: [31mdsadas is not defined[39m {"metadata":{"timestamp":"2022-11-14T08:29:10.065Z"}}
[32minfo[39m: [32mrun start[39m {"metadata":{"timestamp":"2022-11-14T08:29:11.533Z"}}
[31merror[39m: [31mdsadas is not defined[39m {"metadata":{"timestamp":"2022-11-14T08:29:11.534Z"}}
[32minfo[39m: [32mgrpc server start[39m {"metadata":{"timestamp":"2022-11-14T08:29:51.076Z"}}
[32minfo[39m: [32mrun start[39m {"metadata":{"timestamp":"2022-11-14T08:29:52.670Z"}}
[32minfo[39m: [32mrun end[39m {"metadata":{"timestamp":"2022-11-14T08:29:52.674Z"}}
[32minfo[39m: [32mgrpc server start[39m {"metadata":{"timestamp":"2022-11-14T08:35:44.814Z"}}
[32minfo[39m: [32mrun start[39m {"metadata":{"timestamp":"2022-11-14T08:35:46.567Z"}}
[31merror[39m: [31mdasda is not defined[39m {"metadata":{"timestamp":"2022-11-14T08:35:46.571Z"}}
[32minfo[39m: [32mgrpc server start[39m {"metadata":{"timestamp":"2022-11-14T08:36:28.981Z"}}
[32minfo[39m: [32mrun start[39m {"metadata":{"timestamp":"2022-11-14T08:36:31.909Z"}}
[31merror[39m: [31mdasda is not defined[39m {"metadata":{"timestamp":"2022-11-14T08:36:31.911Z"}}
